<?xml version="1.0" encoding="UTF-8"?>
<!-- Generated by org.testng.reporters.JUnitXMLReporter -->
<testsuite ignored="0" hostname="LAPTOP-NN1U50HN" failures="1" tests="7" name="Parabank Tests" time="164.462" errors="0" timestamp="2026-06-15T22:50:52 IST">
  <testcase classname="testcases.RegistrationTest" name="verifyRegistration" time="11.691"/>
  <testcase classname="testcases.LoginTest" name="verifyLogin" time="4.391"/>
  <testcase classname="testcases.AccountOverviewTest" name="verifyAccountOverview" time="8.464"/>
  <testcase classname="testcases.TransferFundsTest" name="verifyTransferFunds" time="8.297">
    <skipped/>
  </testcase> <!-- verifyTransferFunds -->
  <testcase classname="testcases.TransferFundsTest" name="verifyTransferFunds" time="5.138">
    <skipped/>
  </testcase> <!-- verifyTransferFunds -->
  <testcase classname="testcases.TransferFundsTest" name="verifyTransferFunds" time="3.231">
    <failure type="org.openqa.selenium.NoSuchElementException" message="Cannot locate option with index: 1
For documentation on this error, please visit: https://www.selenium.dev/documentation/webdriver/troubleshooting/errors#no-such-element-exception
Build info: version: &amp;apos;4.34.0&amp;apos;, revision: &amp;apos;707dcb4246*&amp;apos;
System info: os.name: &amp;apos;Windows 11&amp;apos;, os.arch: &amp;apos;amd64&amp;apos;, os.version: &amp;apos;10.0&amp;apos;, java.version: &amp;apos;20.0.2&amp;apos;
Driver info: driver.version: unknown">
      <![CDATA[org.openqa.selenium.NoSuchElementException: Cannot locate option with index: 1
For documentation on this error, please visit: https://www.selenium.dev/documentation/webdriver/troubleshooting/errors#no-such-element-exception
Build info: version: '4.34.0', revision: '707dcb4246*'
System info: os.name: 'Windows 11', os.arch: 'amd64', os.version: '10.0', java.version: '20.0.2'
Driver info: driver.version: unknown
at org.openqa.selenium.support.ui.Select.setSelectedByIndex(Select.java:407)
at org.openqa.selenium.support.ui.Select.selectByIndex(Select.java:262)
at pages.TransferFundsPage.selectToAccount(TransferFundsPage.java:100)
at testcases.TransferFundsTest.verifyTransferFunds(TransferFundsTest.java:46)
at java.base/java.util.ArrayList.forEach(ArrayList.java:1511)
... Removed 25 stack frames]]>
    </failure>
  </testcase> <!-- verifyTransferFunds -->
  <testcase classname="testcases.BillPayTest" name="verifyBillPayment" time="23.968"/>
</testsuite> <!-- Parabank Tests -->
