<?xml version="1.0" encoding="UTF-8"?>
<!-- Generated by org.testng.reporters.JUnitXMLReporter -->
<testsuite ignored="0" hostname="LAPTOP-NN1U50HN" failures="0" tests="5" name="Tests" time="85.572" errors="0" timestamp="2026-06-15T23:47:25 IST">
  <testcase classname="testcases.RegistrationTest" name="verifyRegistration" time="3.177"/>
  <testcase classname="testcases.LoginTest" name="verifyLogin" time="4.079"/>
  <testcase classname="testcases.AccountViewTest" name="verifyAccountOverview" time="4.758"/>
  <testcase classname="testcases.TransferFundsTest" name="verifyTransferFunds" time="4.174"/>
  <testcase classname="testcases.BillTest" name="verifyBillPayment" time="14.646"/>
</testsuite> <!-- Tests -->
