<?xml version="1.0" encoding="UTF-8"?>
<!-- Generated by org.testng.reporters.JUnitXMLReporter -->
<testsuite ignored="0" hostname="LAPTOP-NN1U50HN" failures="0" tests="5" name="Default test" time="104.374" errors="0" timestamp="2026-06-15T23:19:43 IST">
  <testcase classname="testcases.RegistrationTest" name="verifyRegistration" time="8.803"/>
  <testcase classname="testcases.TransferFundsTest" name="verifyTransferFunds" time="5.311"/>
  <testcase classname="testcases.BillTest" name="verifyBillPayment" time="16.857"/>
  <testcase classname="testcases.LoginTest" name="verifyLogin" time="7.487"/>
  <testcase classname="testcases.AccountViewTest" name="verifyAccountOverview" time="8.627"/>
</testsuite> <!-- Default test -->
