<?xml version="1.0" encoding="UTF-8"?>
<testng-results ignored="0" total="5" passed="5" failed="0" skipped="0">
  <reporter-output>
  </reporter-output>
  <suite started-at="2026-06-15T23:45:58 IST" name="Suite" finished-at="2026-06-15T23:47:24 IST" duration-ms="85572">
    <groups>
    </groups>
    <test started-at="2026-06-15T23:45:58 IST" name="Tests" finished-at="2026-06-15T23:47:24 IST" duration-ms="85572">
      <class name="testcases.TransferFundsTest">
        <test-method is-config="true" signature="setup(java.lang.String)[pri:0, instance:testcases.TransferFundsTest@5b970f7]" started-at="2026-06-15T23:46:32 IST" name="setup" finished-at="2026-06-15T23:46:44 IST" duration-ms="11347" status="PASS">
          <params>
            <param index="0">
              <value>
                <![CDATA[]]>
              </value>
            </param>
          </params>
          <reporter-output>
          </reporter-output>
        </test-method> <!-- setup -->
        <test-method signature="verifyTransferFunds(java.lang.String,java.lang.String,java.lang.String)[pri:5, instance:testcases.TransferFundsTest@5b970f7]" started-at="2026-06-15T23:46:44 IST" name="verifyTransferFunds" data-provider="transferData" finished-at="2026-06-15T23:46:48 IST" duration-ms="4174" status="PASS">
          <params>
            <param index="0">
              <value>
                <![CDATA[suso2609]]>
              </value>
            </param>
            <param index="1">
              <value>
                <![CDATA[Password9062]]>
              </value>
            </param>
            <param index="2">
              <value>
                <![CDATA[10000]]>
              </value>
            </param>
          </params>
          <reporter-output>
          </reporter-output>
        </test-method> <!-- verifyTransferFunds -->
        <test-method is-config="true" signature="tearDown()[pri:0, instance:testcases.TransferFundsTest@5b970f7]" started-at="2026-06-15T23:46:48 IST" name="tearDown" finished-at="2026-06-15T23:46:48 IST" duration-ms="445" status="PASS">
          <reporter-output>
          </reporter-output>
        </test-method> <!-- tearDown -->
      </class> <!-- testcases.TransferFundsTest -->
      <class name="testcases.BillTest">
        <test-method is-config="true" signature="setup(java.lang.String)[pri:0, instance:testcases.BillTest@7fd4acee]" started-at="2026-06-15T23:46:49 IST" name="setup" finished-at="2026-06-15T23:47:09 IST" duration-ms="20005" status="PASS">
          <params>
            <param index="0">
              <value>
                <![CDATA[]]>
              </value>
            </param>
          </params>
          <reporter-output>
          </reporter-output>
        </test-method> <!-- setup -->
        <test-method signature="verifyBillPayment(java.lang.String,java.lang.String,java.lang.String,java.lang.String,java.lang.String,java.lang.String,java.lang.String,java.lang.String)[pri:6, instance:testcases.BillTest@7fd4acee]" started-at="2026-06-15T23:47:09 IST" name="verifyBillPayment" data-provider="billPayData" finished-at="2026-06-15T23:47:23 IST" duration-ms="14646" status="PASS">
          <params>
            <param index="0">
              <value>
                <![CDATA[WaterBill]]>
              </value>
            </param>
            <param index="1">
              <value>
                <![CDATA[Mass Market]]>
              </value>
            </param>
            <param index="2">
              <value>
                <![CDATA[Kolkata]]>
              </value>
            </param>
            <param index="3">
              <value>
                <![CDATA[West Bengal]]>
              </value>
            </param>
            <param index="4">
              <value>
                <![CDATA[700102]]>
              </value>
            </param>
            <param index="5">
              <value>
                <![CDATA[9732185471]]>
              </value>
            </param>
            <param index="6">
              <value>
                <![CDATA[16632]]>
              </value>
            </param>
            <param index="7">
              <value>
                <![CDATA[20]]>
              </value>
            </param>
          </params>
          <reporter-output>
          </reporter-output>
        </test-method> <!-- verifyBillPayment -->
        <test-method is-config="true" signature="tearDown()[pri:0, instance:testcases.BillTest@7fd4acee]" started-at="2026-06-15T23:47:23 IST" name="tearDown" finished-at="2026-06-15T23:47:24 IST" duration-ms="435" status="PASS">
          <reporter-output>
          </reporter-output>
        </test-method> <!-- tearDown -->
      </class> <!-- testcases.BillTest -->
      <class name="testcases.LoginTest">
        <test-method is-config="true" signature="setup(java.lang.String)[pri:0, instance:testcases.LoginTest@119f1f2a]" started-at="2026-06-15T23:46:10 IST" name="setup" finished-at="2026-06-15T23:46:17 IST" duration-ms="6607" status="PASS">
          <params>
            <param index="0">
              <value>
                <![CDATA[]]>
              </value>
            </param>
          </params>
          <reporter-output>
          </reporter-output>
        </test-method> <!-- setup -->
        <test-method signature="verifyLogin(java.lang.String,java.lang.String)[pri:2, instance:testcases.LoginTest@119f1f2a]" started-at="2026-06-15T23:46:17 IST" name="verifyLogin" data-provider="loginData" finished-at="2026-06-15T23:46:21 IST" duration-ms="4079" status="PASS">
          <params>
            <param index="0">
              <value>
                <![CDATA[suso2609]]>
              </value>
            </param>
            <param index="1">
              <value>
                <![CDATA[Password9062]]>
              </value>
            </param>
          </params>
          <reporter-output>
          </reporter-output>
        </test-method> <!-- verifyLogin -->
        <test-method is-config="true" signature="tearDown()[pri:0, instance:testcases.LoginTest@119f1f2a]" started-at="2026-06-15T23:46:21 IST" name="tearDown" finished-at="2026-06-15T23:46:22 IST" duration-ms="385" status="PASS">
          <reporter-output>
          </reporter-output>
        </test-method> <!-- tearDown -->
      </class> <!-- testcases.LoginTest -->
      <class name="testcases.AccountViewTest">
        <test-method is-config="true" signature="setup(java.lang.String)[pri:0, instance:testcases.AccountViewTest@1a1da881]" started-at="2026-06-15T23:46:22 IST" name="setup" finished-at="2026-06-15T23:46:27 IST" duration-ms="5466" status="PASS">
          <params>
            <param index="0">
              <value>
                <![CDATA[]]>
              </value>
            </param>
          </params>
          <reporter-output>
          </reporter-output>
        </test-method> <!-- setup -->
        <test-method signature="verifyAccountOverview(java.lang.String,java.lang.String)[pri:3, instance:testcases.AccountViewTest@1a1da881]" started-at="2026-06-15T23:46:27 IST" name="verifyAccountOverview" data-provider="loginData" finished-at="2026-06-15T23:46:32 IST" duration-ms="4758" status="PASS">
          <params>
            <param index="0">
              <value>
                <![CDATA[suso2609]]>
              </value>
            </param>
            <param index="1">
              <value>
                <![CDATA[Password9062]]>
              </value>
            </param>
          </params>
          <reporter-output>
          </reporter-output>
        </test-method> <!-- verifyAccountOverview -->
        <test-method is-config="true" signature="tearDown()[pri:0, instance:testcases.AccountViewTest@1a1da881]" started-at="2026-06-15T23:46:32 IST" name="tearDown" finished-at="2026-06-15T23:46:32 IST" duration-ms="375" status="PASS">
          <reporter-output>
          </reporter-output>
        </test-method> <!-- tearDown -->
      </class> <!-- testcases.AccountViewTest -->
      <class name="testcases.RegistrationTest">
        <test-method is-config="true" signature="setup(java.lang.String)[pri:0, instance:testcases.RegistrationTest@ab7a938]" started-at="2026-06-15T23:46:00 IST" name="setup" finished-at="2026-06-15T23:46:07 IST" duration-ms="6163" status="PASS">
          <params>
            <param index="0">
              <value>
                <![CDATA[]]>
              </value>
            </param>
          </params>
          <reporter-output>
          </reporter-output>
        </test-method> <!-- setup -->
        <test-method signature="verifyRegistration(java.lang.String,java.lang.String,java.lang.String,java.lang.String,java.lang.String,java.lang.String,java.lang.String,java.lang.String,java.lang.String,java.lang.String)[pri:1, instance:testcases.RegistrationTest@ab7a938]" started-at="2026-06-15T23:46:07 IST" name="verifyRegistration" data-provider="registrationData" finished-at="2026-06-15T23:46:10 IST" duration-ms="3177" status="PASS">
          <params>
            <param index="0">
              <value>
                <![CDATA[Sounak]]>
              </value>
            </param>
            <param index="1">
              <value>
                <![CDATA[Roy]]>
              </value>
            </param>
            <param index="2">
              <value>
                <![CDATA[E.Rangamaita]]>
              </value>
            </param>
            <param index="3">
              <value>
                <![CDATA[Asansol]]>
              </value>
            </param>
            <param index="4">
              <value>
                <![CDATA[West Bengal]]>
              </value>
            </param>
            <param index="5">
              <value>
                <![CDATA[713386]]>
              </value>
            </param>
            <param index="6">
              <value>
                <![CDATA[9563051102]]>
              </value>
            </param>
            <param index="7">
              <value>
                <![CDATA[123456789]]>
              </value>
            </param>
            <param index="8">
              <value>
                <![CDATA[suso2609]]>
              </value>
            </param>
            <param index="9">
              <value>
                <![CDATA[Password9062]]>
              </value>
            </param>
          </params>
          <reporter-output>
          </reporter-output>
        </test-method> <!-- verifyRegistration -->
        <test-method is-config="true" signature="tearDown()[pri:0, instance:testcases.RegistrationTest@ab7a938]" started-at="2026-06-15T23:46:10 IST" name="tearDown" finished-at="2026-06-15T23:46:10 IST" duration-ms="445" status="PASS">
          <reporter-output>
          </reporter-output>
        </test-method> <!-- tearDown -->
      </class> <!-- testcases.RegistrationTest -->
    </test> <!-- Tests -->
  </suite> <!-- Suite -->
</testng-results>
